<?xml version="1.0" encoding="UTF-8"?>
<!-- Generated by org.testng.reporters.JUnitReportReporter -->
<testsuite skipped="0" hostname="DESKTOP-MC9GRJJ" name="com.hs.test.LoginTest" tests="1" failures="0" timestamp="2020-12-26T03:57:43 IST" time="33.739" errors="0">
  <testcase name="loginTestScenario" time="33.739" classname="com.hs.test.LoginTest"/>
  <system-out/>
</testsuite> <!-- com.hs.test.LoginTest -->
