<?xml version="1.0" encoding="UTF-8"?>
<!-- Generated by org.testng.reporters.JUnitReportReporter -->
<testsuite skipped="0" hostname="DESKTOP-MC9GRJJ" name="com.tricentis.sampleapp.Test.LoginTest" tests="4" failures="0" timestamp="2020-12-29T04:38:26 IST" time="56.960" errors="0">
  <testcase name="TestCase_01" time="56.958" classname="com.tricentis.sampleapp.Test.LoginTest"/>
  <system-out/>
  <testcase name="TestCase_01" time="0.002" classname="com.tricentis.sampleapp.Test.LoginTest"/>
  <system-out/>
  <testcase name="TestCase_01" time="0.000" classname="com.tricentis.sampleapp.Test.LoginTest"/>
  <system-out/>
  <testcase name="TestCase_01" time="0.000" classname="com.tricentis.sampleapp.Test.LoginTest"/>
  <system-out/>
</testsuite> <!-- com.tricentis.sampleapp.Test.LoginTest -->
