<?xml version="1.0" encoding="UTF-8"?>
<!-- Generated by org.testng.reporters.JUnitReportReporter -->
<testsuite skipped="0" hostname="DESKTOP-MC9GRJJ" name="com.tricentis.sampleapp.Test.LoginTest" tests="1" failures="0" timestamp="2020-12-26T05:27:46 IST" time="59.462" errors="0">
  <testcase name="loginTestScenario" time="59.462" classname="com.tricentis.sampleapp.Test.LoginTest"/>
  <system-out/>
</testsuite> <!-- com.tricentis.sampleapp.Test.LoginTest -->
