<?xml version="1.0" encoding="UTF-8"?>
<!-- Generated by org.testng.reporters.JUnitReportReporter -->
<testsuite skipped="0" hostname="DESKTOP-MC9GRJJ" name="com.tricentis.sampleapp.Test.TestPDFOps" tests="2" failures="0" timestamp="2021-01-05T01:16:10 IST" time="5.556" errors="0">
  <testcase name="TestOCRPDF" time="4.943" classname="com.tricentis.sampleapp.Test.TestPDFOps"/>
  <system-out/>
  <testcase name="TestTextPDF" time="0.613" classname="com.tricentis.sampleapp.Test.TestPDFOps"/>
  <system-out/>
</testsuite> <!-- com.tricentis.sampleapp.Test.TestPDFOps -->
