<?xml version="1.0" encoding="UTF-8"?>
<!-- Generated by org.testng.reporters.JUnitReportReporter -->
<testsuite skipped="0" hostname="DESKTOP-MC9GRJJ" name="com.tricentis.sampleapp.Test.LoginTest" tests="4" failures="0" timestamp="2020-12-29T16:53:21 IST" time="241.139" errors="0">
  <testcase name="TestCase" time="59.128" classname="com.tricentis.sampleapp.Test.LoginTest"/>
  <system-out/>
  <testcase name="TestCase" time="61.508" classname="com.tricentis.sampleapp.Test.LoginTest"/>
  <system-out/>
  <testcase name="TestCase" time="58.743" classname="com.tricentis.sampleapp.Test.LoginTest"/>
  <system-out/>
  <testcase name="TestCase" time="61.760" classname="com.tricentis.sampleapp.Test.LoginTest"/>
  <system-out/>
</testsuite> <!-- com.tricentis.sampleapp.Test.LoginTest -->
