<?xml version="1.0" encoding="UTF-8"?>
<!-- Generated by org.testng.reporters.JUnitReportReporter -->
<testsuite skipped="0" hostname="DESKTOP-MC9GRJJ" name="com.hs.test.LoginTest2" tests="1" failures="0" timestamp="2020-12-26T03:32:45 IST" time="1.387" errors="0">
  <testcase name="loginTestScenario" time="1.387" classname="com.hs.test.LoginTest2"/>
  <system-out/>
</testsuite> <!-- com.hs.test.LoginTest2 -->
