<?xml version="1.0" encoding="UTF-8"?>
<!-- Generated by org.testng.reporters.JUnitReportReporter -->
<testsuite skipped="3" hostname="DESKTOP-MC9GRJJ" name="com.tricentis.sampleapp.Test.LoginTest" tests="4" failures="0" timestamp="2020-12-30T00:27:32 IST" time="59.455" errors="0">
  <testcase name="TestCase" time="0.008" classname="com.tricentis.sampleapp.Test.LoginTest">
    <skipped/>
  </testcase> <!-- TestCase -->
  <system-out/>
  <testcase name="TestCase" time="0.008" classname="com.tricentis.sampleapp.Test.LoginTest">
    <skipped/>
  </testcase> <!-- TestCase -->
  <system-out/>
  <testcase name="TestCase" time="0.011" classname="com.tricentis.sampleapp.Test.LoginTest">
    <skipped/>
  </testcase> <!-- TestCase -->
  <system-out/>
  <testcase name="TestCase" time="59.428" classname="com.tricentis.sampleapp.Test.LoginTest"/>
  <system-out/>
</testsuite> <!-- com.tricentis.sampleapp.Test.LoginTest -->
